<?xml version="1.0" encoding="UTF-8"?>
<!-- Generated by org.testng.reporters.JUnitReportReporter -->
<testsuite skipped="0" hostname="Priya-PC" name="dockersgrid.testWithChrome2" tests="1" failures="0" timestamp="19 Nov 2020 00:10:50 GMT" time="11.594" errors="0">
  <testcase name="test" time="11.594" classname="dockersgrid.testWithChrome2"/>
</testsuite> <!-- dockersgrid.testWithChrome2 -->
